[22-08-2024 22:41.39] Método: GET. Url: /api/users
[22-08-2024 22:41.42] Método: GET. Url: /api/users
[22-08-2024 22:42.42] Método: GET. Url: /api/users
[24-08-2024 10:05.03] Método: POST. Url: /api/users/login
[24-08-2024 10:07.22] Método: POST. Url: /api/users/login
[24-08-2024 10:08.22] Método: POST. Url: /api/users/login
[24-08-2024 10:09.26] Método: POST. Url: /api/users/login
[24-08-2024 10:10.27] Método: POST. Url: /api/users/login
[24-08-2024 10:10.28] Método: POST. Url: /api/users/login
[24-08-2024 10:10.36] Método: POST. Url: /api/users/login
[24-08-2024 10:18.29] Método: GET. Url: /api/users
[24-08-2024 10:18.33] Método: GET. Url: /api/users
[24-08-2024 10:18.34] Método: GET. Url: /api/users
[24-08-2024 10:18.34] Método: GET. Url: /api/users
[24-08-2024 10:18.34] Método: GET. Url: /api/users
[24-08-2024 10:26.31] Método: GET. Url: /api/users
[24-08-2024 10:45.30] Método: GET. Url: /api/users
[24-08-2024 10:46.24] Método: GET. Url: /api/users
[24-08-2024 10:52.48] Método: GET. Url: /api/users
[24-08-2024 10:52.55] Método: GET. Url: /api/users
[24-08-2024 11:06.37] Método: GET. Url: /api/users
[24-08-2024 11:08.54] Método: GET. Url: /api/users
[24-08-2024 11:09.59] Método: GET. Url: /api/users
[24-08-2024 11:11.31] Método: POST. Url: /api/users/login
[24-08-2024 11:11.58] Método: GET. Url: /api/users
[24-08-2024 11:12.14] Método: POST. Url: /api/users/login
[24-08-2024 11:14.12] Método: GET. Url: /api/users
[24-08-2024 11:14.26] Método: POST. Url: /api/users/login
[24-08-2024 11:16.01] Método: GET. Url: /api/users
[24-08-2024 11:16.18] Método: GET. Url: /api/users
[24-08-2024 11:17.12] Método: GET. Url: /api/users/2
[24-08-2024 11:19.32] Método: GET. Url: /api/users
[24-08-2024 11:20.35] Método: GET. Url: /api/users
[24-08-2024 11:20.54] Método: GET. Url: /api/users
[24-08-2024 11:21.44] Método: GET. Url: /api/users
[24-08-2024 11:21.45] Método: GET. Url: /api/users
[24-08-2024 11:21.46] Método: POST. Url: /api/users/register
[24-08-2024 11:23.15] Método: POST. Url: /api/users/login
[24-08-2024 11:23.26] Método: POST. Url: /api/users/login
[26-08-2024 14:46.14] Método: POST. Url: /api/users/login
[26-08-2024 14:46.24] Método: POST. Url: /api/users/login
[26-08-2024 14:46.44] Método: GET. Url: /api/users
[26-08-2024 14:47.31] Método: POST. Url: /api/users/login
[26-08-2024 14:47.54] Método: POST. Url: /api/users/login
[26-08-2024 14:48.01] Método: POST. Url: /api/users/login
[26-08-2024 14:48.46] Método: POST. Url: /api/users/register
[26-08-2024 14:49.12] Método: POST. Url: /api/users/login
[26-08-2024 14:50.36] Método: POST. Url: /api/users/login
[26-08-2024 14:52.14] Método: POST. Url: /api/users/login
[26-08-2024 14:55.07] Método: POST. Url: /api/users/login
[26-08-2024 14:59.53] Método: POST. Url: /api/users/login
[26-08-2024 15:02.31] Método: POST. Url: /api/users/login
[26-08-2024 15:02.45] Método: GET. Url: /api/users
[26-08-2024 15:02.47] Método: POST. Url: /api/users/login
[26-08-2024 15:03.28] Método: POST. Url: /api/users/login
[26-08-2024 15:04.04] Método: POST. Url: /api/users/login
[26-08-2024 15:06.50] Método: POST. Url: /api/users/login
[26-08-2024 15:07.05] Método: POST. Url: /api/users/login
[26-08-2024 15:07.34] Método: POST. Url: /api/users/login
[26-08-2024 15:08.25] Método: GET. Url: /api/users
[26-08-2024 15:08.39] Método: DELETE. Url: /api/users/10
[26-08-2024 15:09.27] Método: GET. Url: /api/users
[26-08-2024 15:10.45] Método: DELETE. Url: /api/users/8
[26-08-2024 15:10.47] Método: DELETE. Url: /api/users/8
[26-08-2024 15:10.49] Método: DELETE. Url: /api/users/8
[26-08-2024 15:10.49] Método: DELETE. Url: /api/users/8
[26-08-2024 15:11.02] Método: GET. Url: /api/users
[26-08-2024 15:11.33] Método: DELETE. Url: /api/users/8
[26-08-2024 15:12.13] Método: POST. Url: /api/users/register
[26-08-2024 15:22.09] Método: GET. Url: /api/users/perfil
[26-08-2024 15:22.27] Método: GET. Url: /api/users/perfil
[26-08-2024 15:22.28] Método: GET. Url: /api/users/perfil
[26-08-2024 15:22.40] Método: POST. Url: /api/users/login
[26-08-2024 15:22.58] Método: GET. Url: /api/users/perfil
[26-08-2024 15:23.53] Método: GET. Url: /api/users/perfil
[26-08-2024 15:26.30] Método: GET. Url: /api/users/perfil
[26-08-2024 15:29.04] Método: GET. Url: /api/users/perfil
[26-08-2024 15:29.52] Método: GET. Url: /api/users/perfil
[26-08-2024 15:30.14] Método: GET. Url: /api/users/perfil
[26-08-2024 15:30.28] Método: POST. Url: /api/users/login
[26-08-2024 15:30.45] Método: GET. Url: /api/users/perfil
[26-08-2024 15:33.49] Método: GET. Url: /api/users/perfil
[26-08-2024 15:35.17] Método: GET. Url: /api/users/perfil
[26-08-2024 15:36.14] Método: GET. Url: /api/users/perfil
[26-08-2024 15:38.56] Método: GET. Url: /api/users/perfil
[26-08-2024 15:40.53] Método: GET. Url: /api/users/perfil
[26-08-2024 15:41.34] Método: GET. Url: /api/users/perfil
[27-08-2024 11:51.23] Método: DELETE. Url: /api/users/8
[27-08-2024 11:51.26] Método: GET. Url: /api/users/perfil
[27-08-2024 11:51.59] Método: GET. Url: /api/users/perfil
[27-08-2024 11:53.42] Método: GET. Url: /api/users/perfil
[27-08-2024 11:53.55] Método: GET. Url: /api/users/perfil
[27-08-2024 11:58.21] Método: GET. Url: /api/users/perfil
[27-08-2024 11:58.45] Método: GET. Url: /api/users/perfil
[27-08-2024 11:59.48] Método: GET. Url: /api/users/perfil
[27-08-2024 12:00.10] Método: GET. Url: /api/users/perfil
[27-08-2024 12:01.09] Método: GET. Url: /api/users/perfil
[27-08-2024 12:01.25] Método: GET. Url: /api/users/perfil
[27-08-2024 12:01.54] Método: GET. Url: /api/users/perfil
[27-08-2024 12:02.15] Método: GET. Url: /api/users/perfil
[27-08-2024 12:07.15] Método: GET. Url: /api/users/perfil
[27-08-2024 12:07.16] Método: GET. Url: /api/users/perfil
[27-08-2024 12:09.54] Método: GET. Url: /api/users/perfil
[27-08-2024 12:12.08] Método: GET. Url: /api/users/perfil
[27-08-2024 12:12.29] Método: GET. Url: /api/users/perfil
[27-08-2024 12:12.43] Método: POST. Url: /api/users/login
[27-08-2024 12:13.03] Método: GET. Url: /api/users/perfil
[27-08-2024 12:14.38] Método: GET. Url: /api/users/perfil
[27-08-2024 12:14.48] Método: GET. Url: /api/users/perfil
[27-08-2024 12:15.14] Método: GET. Url: /api/users/perfil
[27-08-2024 12:15.38] Método: GET. Url: /api/users/perfil
[27-08-2024 12:16.00] Método: POST. Url: /api/users/login
[27-08-2024 12:16.49] Método: GET. Url: /api/users/perfil
[27-08-2024 12:16.57] Método: POST. Url: /api/users/login
[27-08-2024 12:17.19] Método: GET. Url: /api/users/perfil
[27-08-2024 12:18.07] Método: GET. Url: /api/users/perfil
[27-08-2024 12:18.56] Método: GET. Url: /api/users/perfil
[27-08-2024 12:25.03] Método: GET. Url: /api/users/perfil
[27-08-2024 12:25.41] Método: GET. Url: /api/users/perfil
[27-08-2024 12:25.54] Método: GET. Url: /api/users/perfil
[27-08-2024 12:26.59] Método: GET. Url: /api/users/perfil
[27-08-2024 12:30.03] Método: GET. Url: /api/users/perfil
[27-08-2024 12:30.45] Método: GET. Url: /api/users/perfil
[27-08-2024 13:12.10] Método: GET. Url: /api/users/perfil
[27-08-2024 13:15.07] Método: DELETE. Url: /api/users/8
[27-08-2024 13:15.30] Método: POST. Url: /api/users/register
[27-08-2024 13:15.34] Método: GET. Url: /api/users
[27-08-2024 13:15.57] Método: DELETE. Url: /api/users/11
[27-08-2024 13:30.09] Método: GET. Url: /api/users
[28-08-2024 15:18.54] Método: GET. Url: /api/users
[28-08-2024 15:19.41] Método: GET. Url: /api/users
[28-08-2024 15:20.59] Método: GET. Url: /api/users
[28-08-2024 15:24.10] Método: GET. Url: /api/users
[28-08-2024 15:24.11] Método: GET. Url: /api/users
[28-08-2024 15:25.09] Método: GET. Url: /api/users
[28-08-2024 15:25.11] Método: GET. Url: /api/users
[28-08-2024 15:46.17] Método: GET. Url: /api/users
[28-08-2024 15:50.21] Método: GET. Url: /api/users
[28-08-2024 15:51.56] Método: GET. Url: /api/users
[28-08-2024 15:52.53] Método: GET. Url: /api/users
[28-08-2024 15:59.07] Método: GET. Url: /api/users
[28-08-2024 15:59.45] Método: GET. Url: /api/users
[28-08-2024 16:00.04] Método: GET. Url: /api/users
[28-08-2024 16:01.11] Método: GET. Url: /api/users
[28-08-2024 16:03.04] Método: GET. Url: /api/users
[28-08-2024 16:04.08] Método: GET. Url: /api/users
[28-08-2024 16:04.41] Método: GET. Url: /api/users
[28-08-2024 16:05.15] Método: GET. Url: /api/users
[28-08-2024 16:05.42] Método: GET. Url: /api/users
[28-08-2024 16:06.22] Método: GET. Url: /api/users
[28-08-2024 16:06.31] Método: GET. Url: /api/users
[28-08-2024 16:06.41] Método: GET. Url: /api/users
[28-08-2024 16:07.30] Método: GET. Url: /api/users
[28-08-2024 16:09.55] Método: GET. Url: /api/users
[28-08-2024 16:12.28] Método: POST. Url: /api/users/login
[28-08-2024 16:12.41] Método: GET. Url: /api/users/2
[28-08-2024 16:12.48] Método: GET. Url: /api/users/10
[28-08-2024 16:13.26] Método: GET. Url: /api/users
[28-08-2024 16:27.04] Método: GET. Url: /api/users
[28-08-2024 16:29.15] Método: GET. Url: /api/users
[28-08-2024 16:29.30] Método: GET. Url: /api/users
[28-08-2024 16:31.55] Método: GET. Url: /api/users
[28-08-2024 16:32.38] Método: POST. Url: /api/users/login
[28-08-2024 16:32.52] Método: GET. Url: /api/users
[28-08-2024 16:33.29] Método: GET. Url: /api/users
[28-08-2024 16:33.37] Método: GET. Url: /api/users
[28-08-2024 16:34.04] Método: GET. Url: /api/users
[28-08-2024 16:35.28] Método: GET. Url: /api/users
[28-08-2024 16:36.38] Método: GET. Url: /api/users
[28-08-2024 16:37.16] Método: GET. Url: /api/users
[28-08-2024 16:38.12] Método: GET. Url: /api/users
[28-08-2024 16:38.40] Método: GET. Url: /api/users
[28-08-2024 16:48.07] Método: GET. Url: /api/users/perfil
[03-09-2024 16:03.04] Método: GET. Url: /api/users
[03-09-2024 16:03.26] Método: GET. Url: /api/users
[03-09-2024 16:03.38] Método: POST. Url: /api/users/register
[03-09-2024 16:03.48] Método: POST. Url: /api/users/login
[03-09-2024 16:04.02] Método: POST. Url: /api/users/login
[03-09-2024 16:04.14] Método: GET. Url: /api/users
[03-09-2024 16:05.29] Método: GET. Url: /api/users
[03-09-2024 17:29.19] Método: GET. Url: /api/users
